[07:59:52] ===========================
[07:59:52] == Start (check dupls: False)
[07:59:52] == Find: Deserts
[07:59:52] ===========================
[07:59:52] Start File: D:\zzz-osm\in\africa-latest.osm.bz2
[08:12:57] Processed Ways: 1000000
[08:13:43] Processed Ways: 2000000
[08:14:26] Processed Ways: 3000000
[08:15:09] Processed Ways: 4000000
[08:15:53] Processed Ways: 5000000
[08:16:34] Processed Ways: 6000000
[08:17:13] Processed Ways: 7000000
[08:17:50] Processed Ways: 8000000
[08:18:28] Processed Ways: 9000000
[08:19:07] Processed Ways: 10000000
[08:19:46] Processed Ways: 11000000
[08:20:26] Processed Ways: 12000000
[08:22:28] Processed Nodes: 1000000
[08:24:05] Processed Nodes: 2000000
[08:25:41] Processed Nodes: 3000000
[08:27:16] Processed Nodes: 4000000
[08:28:51] Processed Nodes: 5000000
[08:30:28] Processed Nodes: 6000000
[08:32:03] Processed Nodes: 7000000
[08:33:38] Processed Nodes: 8000000
[08:35:13] Processed Nodes: 9000000
[08:36:48] Processed Nodes: 10000000
[08:38:23] Processed Nodes: 11000000
[08:39:59] Processed Nodes: 12000000
[08:41:34] Processed Nodes: 13000000
[08:43:08] Processed Nodes: 14000000
[08:44:36] Processed Nodes: 15000000
[08:46:04] Processed Nodes: 16000000
[08:47:32] Processed Nodes: 17000000
[08:49:00] Processed Nodes: 18000000
[08:50:29] Processed Nodes: 19000000
[08:51:57] Processed Nodes: 20000000
[08:53:25] Processed Nodes: 21000000
[08:54:53] Processed Nodes: 22000000
[08:56:21] Processed Nodes: 23000000
[08:57:49] Processed Nodes: 24000000
[08:59:17] Processed Nodes: 25000000
[09:00:46] Processed Nodes: 26000000
[09:02:14] Processed Nodes: 27000000
[09:03:42] Processed Nodes: 28000000
[09:05:10] Processed Nodes: 29000000
[09:06:38] Processed Nodes: 30000000
[09:08:07] Processed Nodes: 31000000
[09:09:35] Processed Nodes: 32000000
[09:11:03] Processed Nodes: 33000000
[09:12:31] Processed Nodes: 34000000
[09:13:59] Processed Nodes: 35000000
[09:15:27] Processed Nodes: 36000000
[09:16:55] Processed Nodes: 37000000
[09:18:23] Processed Nodes: 38000000
[09:19:51] Processed Nodes: 39000000
[09:21:20] Processed Nodes: 40000000
[09:22:48] Processed Nodes: 41000000
[09:24:16] Processed Nodes: 42000000
[09:25:44] Processed Nodes: 43000000
[09:27:13] Processed Nodes: 44000000
[09:28:41] Processed Nodes: 45000000
[09:30:09] Processed Nodes: 46000000
[09:31:37] Processed Nodes: 47000000
[09:33:05] Processed Nodes: 48000000
[09:34:33] Processed Nodes: 49000000
[09:36:01] Processed Nodes: 50000000
[09:37:29] Processed Nodes: 51000000
[09:38:57] Processed Nodes: 52000000
[09:40:26] Processed Nodes: 53000000
[09:41:54] Processed Nodes: 54000000
[09:43:22] Processed Nodes: 55000000
[09:44:50] Processed Nodes: 56000000
[09:46:18] Processed Nodes: 57000000
[09:47:46] Processed Nodes: 58000000
[09:49:14] Processed Nodes: 59000000
[09:50:42] Processed Nodes: 60000000
[09:52:10] Processed Nodes: 61000000
[09:53:38] Processed Nodes: 62000000
[09:55:06] Processed Nodes: 63000000
[09:56:34] Processed Nodes: 64000000
[09:58:02] Processed Nodes: 65000000
[09:59:31] Processed Nodes: 66000000
[10:01:01] Processed Nodes: 67000000
[10:02:32] Processed Nodes: 68000000
[10:04:01] Processed Nodes: 69000000
[10:05:29] Processed Nodes: 70000000
[10:06:56] Processed Nodes: 71000000
[10:08:25] Processed Nodes: 72000000
[10:09:53] Processed Nodes: 73000000
[10:11:21] Processed Nodes: 74000000
[10:12:49] Processed Nodes: 75000000
[10:14:17] Processed Nodes: 76000000
[10:15:45] Processed Nodes: 77000000
[10:17:13] Processed Nodes: 78000000
[10:18:41] Processed Nodes: 79000000
[10:20:10] Processed Nodes: 80000000
[10:21:38] Processed Nodes: 81000000
[10:23:06] Processed Nodes: 82000000
[10:24:35] Processed Nodes: 83000000
[10:26:03] Processed Nodes: 84000000
[10:27:32] Processed Nodes: 85000000
[10:29:00] Processed Nodes: 86000000
[10:30:28] Processed Nodes: 87000000
[10:31:56] Processed Nodes: 88000000
[10:33:24] Processed Nodes: 89000000
[10:34:52] Processed Nodes: 90000000
[10:36:20] Processed Nodes: 91000000
[10:37:48] Processed Nodes: 92000000
[10:39:16] Processed Nodes: 93000000
[10:40:44] Processed Nodes: 94000000
[10:42:12] Processed Nodes: 95000000
[10:43:40] Processed Nodes: 96000000
[10:45:08] Processed Nodes: 97000000
[10:46:36] Processed Nodes: 98000000
[10:48:04] Processed Nodes: 99000000
[10:49:32] Processed Nodes: 100000000
[10:51:00] Processed Nodes: 101000000
[10:52:28] Processed Nodes: 102000000
[10:53:56] Processed Nodes: 103000000
[10:55:24] Processed Nodes: 104000000
[10:56:52] Processed Nodes: 105000000
[10:58:20] Processed Nodes: 106000000
[10:59:48] Processed Nodes: 107000000
[11:01:16] Processed Nodes: 108000000
[11:02:44] Processed Nodes: 109000000
[11:04:12] Processed Nodes: 110000000
[11:05:40] Processed Nodes: 111000000
[11:07:08] Processed Nodes: 112000000
[11:08:36] Processed Nodes: 113000000
[11:10:05] Processed Nodes: 114000000
[11:11:33] Processed Nodes: 115000000
[11:13:01] Processed Nodes: 116000000
[11:14:29] Processed Nodes: 117000000
[11:15:57] Processed Nodes: 118000000
[11:17:25] Processed Nodes: 119000000
[11:18:53] Processed Nodes: 120000000
[11:20:22] Processed Nodes: 121000000
[11:21:50] Processed Nodes: 122000000
[11:23:18] Processed Nodes: 123000000
[11:24:46] Processed Nodes: 124000000
[11:26:14] Processed Nodes: 125000000
[11:27:42] Processed Nodes: 126000000
[11:29:10] Processed Nodes: 127000000
[11:30:38] Processed Nodes: 128000000
[11:34:38] Start write CSV and GEOJSON data
[11:34:38] End write CSV and GEOJSON data
[11:34:38] End File: D:\zzz-osm\in\africa-latest.osm.bz2
[11:34:38] ==
[11:34:38] ===========================
[11:34:38] == Total Files (*.bz2): 1 ; Total Nodes: 128233353 ; Total Ways: 12496800
[11:34:38] == National Parks: Attrs Nodes: 0 ; Attrs Ways: 78 
[11:34:38] == Min Node: 1894576 ; Max Node: 3758228331
[11:34:38] == Min Way: 3715718 ; Max Way: 372269495
[11:34:38] ===========================
[11:34:38] == End
[11:34:38] ===========================
